[debug] [2023-02-04T07:08:21.717Z] ----------------------------------------------------------------------
[debug] [2023-02-04T07:08:21.719Z] Command:       /opt/homebrew/Cellar/node/19.4.0_1/bin/node /opt/homebrew/bin/firebase init
[debug] [2023-02-04T07:08:21.719Z] CLI Version:   11.22.0
[debug] [2023-02-04T07:08:21.720Z] Platform:      darwin
[debug] [2023-02-04T07:08:21.720Z] Node Version:  v19.4.0
[debug] [2023-02-04T07:08:21.720Z] Time:          Sat Feb 04 2023 12:38:21 GMT+0530 (India Standard Time)
[debug] [2023-02-04T07:08:21.720Z] ----------------------------------------------------------------------
[debug] 
[debug] [2023-02-04T07:08:21.723Z] > command requires scopes: ["email","openid","https://www.googleapis.com/auth/cloudplatformprojects.readonly","https://www.googleapis.com/auth/firebase","https://www.googleapis.com/auth/cloud-platform"]
[debug] [2023-02-04T07:08:21.723Z] > authorizing via signed-in user (ritvikappletech@gmail.com)
[info] 
     ######## #### ########  ######## ########     ###     ######  ########
     ##        ##  ##     ## ##       ##     ##  ##   ##  ##       ##
     ######    ##  ########  ######   ########  #########  ######  ######
     ##        ##  ##    ##  ##       ##     ## ##     ##       ## ##
     ##       #### ##     ## ######## ########  ##     ##  ######  ########

You're about to initialize a Firebase project in this directory:

  /Users/ritvik/Desktop/new/mememedia

[info] 
=== Project Setup
[info] 
[info] First, let's associate this project directory with a Firebase project.
[info] You can create multiple project aliases by running firebase use --add, 
[info] but for now we'll just set up a default project.
[info] 
